2022-06-14 22:17:26,445 [Worker-6: Loading available Gradle versions] INFO  o.e.b.c.i.u.g.PublishedGradleVersions - Gradle version information cache is up-to-date. Trying to read.
2022-06-14 22:26:48,607 [Worker-14: Updating Maven Dependencies] INFO  o.e.m.c.i.l.LifecycleMappingFactory - Using org.eclipse.m2e.jdt.JarLifecycleMapping lifecycle mapping for MavenProject: selenium:cucumber:0.0.1-SNAPSHOT @ C:\Users\sivak\eclipse-workspace\cucumber\pom.xml.
2022-06-14 22:26:50,934 [Worker-14: Updating Maven Dependencies] WARN  o.a.m.r.i.DefaultArtifactDescriptorReader - The artifact info.cukes:cucumber-junit:pom:1.2.6 has been relocated to io.cucumber:cucumber-junit:pom:1.2.6
2022-06-14 22:26:52,089 [Worker-14: Updating Maven Dependencies] INFO  o.e.m.c.i.p.r.ProjectRegistryRefreshJob - org.eclipse.m2e.core.internal.project.registry.ProjectRegistryRefreshJob was canceled
2022-06-14 22:27:00,422 [Worker-2: Loading available Gradle versions] INFO  o.e.b.c.i.u.g.PublishedGradleVersions - Gradle version information cache is up-to-date. Trying to read.
2022-06-14 22:27:03,036 [Worker-0: Updating Maven Dependencies] INFO  o.e.m.c.i.l.LifecycleMappingFactory - Using org.eclipse.m2e.jdt.JarLifecycleMapping lifecycle mapping for MavenProject: selenium:cucumber:0.0.1-SNAPSHOT @ C:\Users\sivak\eclipse-workspace\cucumber\pom.xml.
2022-06-14 22:27:03,447 [Worker-0: Updating Maven Dependencies] WARN  o.a.m.r.i.DefaultArtifactDescriptorReader - The artifact info.cukes:cucumber-junit:pom:1.2.6 has been relocated to io.cucumber:cucumber-junit:pom:1.2.6
2022-06-14 22:27:36,748 [Worker-19: Updating Maven Dependencies] INFO  o.e.m.c.i.l.LifecycleMappingFactory - Using org.eclipse.m2e.jdt.JarLifecycleMapping lifecycle mapping for MavenProject: Selenium:Selenium:0.0.1-SNAPSHOT @ C:\Users\sivak\eclipse-workspace\Selenium\pom.xml.
2022-06-14 22:27:36,750 [Worker-15: Building] INFO  o.e.m.c.i.l.LifecycleMappingFactory - Using org.eclipse.m2e.jdt.JarLifecycleMapping lifecycle mapping for MavenProject: Selenium:Selenium:0.0.1-SNAPSHOT @ C:\Users\sivak\eclipse-workspace\Selenium\pom.xml.
2022-06-14 22:27:37,105 [Worker-19: Updating Maven Dependencies] WARN  o.a.m.r.i.DefaultArtifactDescriptorReader - The artifact info.cukes:cucumber-junit:pom:1.2.6 has been relocated to io.cucumber:cucumber-junit:pom:1.2.6
2022-06-14 22:27:37,110 [Worker-15: Building] WARN  o.a.m.r.i.DefaultArtifactDescriptorReader - The artifact info.cukes:cucumber-junit:pom:1.2.6 has been relocated to io.cucumber:cucumber-junit:pom:1.2.6
2022-06-14 22:27:38,638 [Worker-15: Building] WARN  o.e.m.c.i.embedder.EclipseLogger - Using platform encoding (Cp1252 actually) to copy filtered resources, i.e. build is platform dependent!
2022-06-14 22:27:38,640 [Worker-15: Building] INFO  o.e.m.c.i.embedder.EclipseLogger - skip non existing resourceDirectory C:\Users\sivak\eclipse-workspace\Selenium\src\main\resources
2022-06-14 22:27:38,643 [Worker-15: Building] WARN  o.e.m.c.i.embedder.EclipseLogger - Using platform encoding (Cp1252 actually) to copy filtered resources, i.e. build is platform dependent!
2022-06-14 22:27:38,644 [Worker-15: Building] INFO  o.e.m.c.i.embedder.EclipseLogger - skip non existing resourceDirectory C:\Users\sivak\eclipse-workspace\Selenium\src\test\resources
2022-06-14 22:27:39,293 [Worker-4: Building] WARN  o.a.m.r.i.DefaultArtifactDescriptorReader - The artifact info.cukes:cucumber-junit:pom:1.2.6 has been relocated to io.cucumber:cucumber-junit:pom:1.2.6
2022-06-14 22:27:39,358 [Worker-4: Building] WARN  o.e.m.c.i.embedder.EclipseLogger - Using platform encoding (Cp1252 actually) to copy filtered resources, i.e. build is platform dependent!
2022-06-14 22:27:39,359 [Worker-4: Building] INFO  o.e.m.c.i.embedder.EclipseLogger - skip non existing resourceDirectory C:\Users\sivak\eclipse-workspace\Selenium\src\main\resources
2022-06-14 22:27:39,361 [Worker-4: Building] WARN  o.e.m.c.i.embedder.EclipseLogger - Using platform encoding (Cp1252 actually) to copy filtered resources, i.e. build is platform dependent!
2022-06-14 22:27:39,362 [Worker-4: Building] INFO  o.e.m.c.i.embedder.EclipseLogger - skip non existing resourceDirectory C:\Users\sivak\eclipse-workspace\Selenium\src\test\resources
2022-06-14 22:27:40,100 [Worker-5: Updating Maven Dependencies] INFO  o.e.m.c.i.l.LifecycleMappingFactory - Using org.eclipse.m2e.jdt.JarLifecycleMapping lifecycle mapping for MavenProject: Selenium:Selenium:0.0.1-SNAPSHOT @ C:\Users\sivak\eclipse-workspace\Selenium\pom.xml.
2022-06-14 22:27:40,387 [Worker-5: Updating Maven Dependencies] WARN  o.a.m.r.i.DefaultArtifactDescriptorReader - The artifact info.cukes:cucumber-junit:pom:1.2.6 has been relocated to io.cucumber:cucumber-junit:pom:1.2.6
2022-06-14 22:27:50,123 [Worker-10: Building] WARN  o.a.m.r.i.DefaultArtifactDescriptorReader - The artifact info.cukes:cucumber-junit:pom:1.2.6 has been relocated to io.cucumber:cucumber-junit:pom:1.2.6
2022-06-14 22:27:50,267 [Worker-10: Building] WARN  o.e.m.c.i.embedder.EclipseLogger - Using platform encoding (Cp1252 actually) to copy filtered resources, i.e. build is platform dependent!
2022-06-14 22:27:50,268 [Worker-10: Building] INFO  o.e.m.c.i.embedder.EclipseLogger - skip non existing resourceDirectory C:\Users\sivak\eclipse-workspace\Selenium\src\main\resources
2022-06-14 22:27:50,271 [Worker-10: Building] WARN  o.e.m.c.i.embedder.EclipseLogger - Using platform encoding (Cp1252 actually) to copy filtered resources, i.e. build is platform dependent!
2022-06-14 22:27:50,272 [Worker-10: Building] INFO  o.e.m.c.i.embedder.EclipseLogger - skip non existing resourceDirectory C:\Users\sivak\eclipse-workspace\Selenium\src\test\resources
2022-06-14 22:27:50,744 [Worker-10: Building] WARN  o.a.m.r.i.DefaultArtifactDescriptorReader - The artifact info.cukes:cucumber-junit:pom:1.2.6 has been relocated to io.cucumber:cucumber-junit:pom:1.2.6
2022-06-14 22:27:51,524 [Worker-10: Building] INFO  o.e.m.c.i.embedder.EclipseLogger - Using 'UTF-8' encoding to copy filtered resources.
2022-06-14 22:27:51,524 [Worker-10: Building] INFO  o.e.m.c.i.embedder.EclipseLogger - skip non existing resourceDirectory C:\Users\sivak\eclipse-workspace\cucumber\src\main\resources
2022-06-14 22:27:51,526 [Worker-10: Building] INFO  o.e.m.c.i.embedder.EclipseLogger - Using 'UTF-8' encoding to copy filtered resources.
2022-06-14 22:27:51,526 [Worker-10: Building] INFO  o.e.m.c.i.embedder.EclipseLogger - skip non existing resourceDirectory C:\Users\sivak\eclipse-workspace\cucumber\src\test\resources
2022-06-14 22:27:52,544 [Worker-12: Building] INFO  o.e.m.c.i.embedder.EclipseLogger - Using 'UTF-8' encoding to copy filtered resources.
2022-06-14 22:27:52,544 [Worker-12: Building] INFO  o.e.m.c.i.embedder.EclipseLogger - skip non existing resourceDirectory C:\Users\sivak\eclipse-workspace\cucumber\src\main\resources
2022-06-14 22:27:52,546 [Worker-12: Building] INFO  o.e.m.c.i.embedder.EclipseLogger - Using 'UTF-8' encoding to copy filtered resources.
